
	
ReadLogerBd:fopen:Errno=2  1402414706 
	Proceso AxisLoger Iniciado:Tue Jun 10 17:39:54 2014

	Factor multiplicativo = 0, senal: 0 

	Factor multiplicativo = 0, senal: 1 

	Factor multiplicativo = 0, senal: 2 

	Factor multiplicativo = 0, senal: 3 

	Factor multiplicativo = 0, senal: 4 

	Factor multiplicativo = 0, senal: 5 

	Factor multiplicativo = 0, senal: 6 

	Factor multiplicativo = 0, senal: 7 

	Factor multiplicativo = 0, senal: 0 

	Factor multiplicativo = 0, senal: 1 

	Factor multiplicativo = 0, senal: 2 

	Factor multiplicativo = 0, senal: 3 

	Factor multiplicativo = 0, senal: 4 

	Factor multiplicativo = 0, senal: 5 

	Factor multiplicativo = 0, senal: 6 

	Factor multiplicativo = 0, senal: 7 

	Factor multiplicativo = 0, senal: 0 

	Factor multiplicativo = 0, senal: 1 

	Factor multiplicativo = 0, senal: 2 

	Factor multiplicativo = 0, senal: 3 

	Factor multiplicativo = 0, senal: 4 

	Factor multiplicativo = 0, senal: 5 

	Factor multiplicativo = 0, senal: 6 

	Factor multiplicativo = 0, senal: 7 

	Factor multiplicativo = 0, senal: 0 

	Factor multiplicativo = 0, senal: 1 

	Factor multiplicativo = 0, senal: 2 

	Factor multiplicativo = 0, senal: 3 

	Factor multiplicativo = 0, senal: 4 

	Factor multiplicativo = 0, senal: 5 

	Factor multiplicativo = 0, senal: 6 

	Factor multiplicativo = 0, senal: 7 

	Factor multiplicativo = 0, senal: 0 

	Factor multiplicativo = 0, senal: 1 

	Factor multiplicativo = 0, senal: 2 

	Factor multiplicativo = 0, senal: 3 

	Factor multiplicativo = 0, senal: 4 

	Factor multiplicativo = 0, senal: 5 

	Factor multiplicativo = 0, senal: 6 

	Factor multiplicativo = 0, senal: 7 

	Proceso AxisLoger Iniciado:Tue Jun 10 17:55:36 2014

	Factor multiplicativo = 0, senal: 0 

	Factor multiplicativo = 0, senal: 1 

	Factor multiplicativo = 0, senal: 2 

	Factor multiplicativo = 0, senal: 3 

	Factor multiplicativo = 0, senal: 4 

	Factor multiplicativo = 0, senal: 5 

	Factor multiplicativo = 0, senal: 6 

	Factor multiplicativo = 0, senal: 7 

	Factor multiplicativo = 0, senal: 0 

	Factor multiplicativo = 0, senal: 1 

	Factor multiplicativo = 0, senal: 2 

	Factor multiplicativo = 0, senal: 3 

	Factor multiplicativo = 0, senal: 4 

	Factor multiplicativo = 0, senal: 5 

	Factor multiplicativo = 0, senal: 6 

	Factor multiplicativo = 0, senal: 7 

	Factor multiplicativo = 0, senal [0]  

	Factor multiplicativo = 0, senal [1]  

	Factor multiplicativo = 0, senal [2]  

	Factor multiplicativo = 0, senal [3]  

	Factor multiplicativo = 0, senal [4]  

	Factor multiplicativo = 0, senal [5]  

	Factor multiplicativo = 0, senal [6]  

	Factor multiplicativo = 0, senal [7]  

	Factor multiplicativo = 0, senal [0]  

	Factor multiplicativo = 0, senal [1]  

	Factor multiplicativo = 0, senal [2]  

	Factor multiplicativo = 0, senal [3]  

	Factor multiplicativo = 0, senal [4]  

	Factor multiplicativo = 0, senal [5]  

	Factor multiplicativo = 0, senal [6]  

	Factor multiplicativo = 0, senal [7]  

	Factor multiplicativo = 0, senal [0]  

	Factor multiplicativo = 0, senal [1]  

	Factor multiplicativo = 0, senal [2]  

	Factor multiplicativo = 0, senal [3]  

	Factor multiplicativo = 0, senal [4]  

	Factor multiplicativo = 0, senal [5]  

	Factor multiplicativo = 0, senal [6]  

	Factor multiplicativo = 0, senal [7]  

	Factor multiplicativo = 0, senal [0]  

	Factor multiplicativo = 0, senal [1]  

	Factor multiplicativo = 0, senal [2]  

	Factor multiplicativo = 0, senal [3]  

	Factor multiplicativo = 0, senal [4]  

	Factor multiplicativo = 0, senal [5]  

	Factor multiplicativo = 0, senal [6]  

	Factor multiplicativo = 0, senal [7]  

	Factor multiplicativo = 0, senal [0]  

	Factor multiplicativo = 0, senal [1]  

	Factor multiplicativo = 0, senal [2]  

	Factor multiplicativo = 0, senal [3]  

	Factor multiplicativo = 0, senal [4]  

	Factor multiplicativo = 0, senal [5]  

	Factor multiplicativo = 0, senal [6]  

	Factor multiplicativo = 0, senal [7]  

	Factor multiplicativo = 0, senal [0]  

	Factor multiplicativo = 0, senal [1]  

	Factor multiplicativo = 0, senal [2]  

	Factor multiplicativo = 0, senal [3]  

	Factor multiplicativo = 0, senal [4]  

	Factor multiplicativo = 0, senal [5]  

	Factor multiplicativo = 0, senal [6]  

	Factor multiplicativo = 0, senal [7]  

	Factor multiplicativo = 0, senal [0]  

	Factor multiplicativo = 0, senal [1]  

	Factor multiplicativo = 0, senal [2]  

	Factor multiplicativo = 0, senal [3]  

	Factor multiplicativo = 0, senal [4]  

	Factor multiplicativo = 0, senal [5]  

	Factor multiplicativo = 0, senal [6]  

	Factor multiplicativo = 0, senal [7]  

	Factor multiplicativo = 0, senal [0]  

	Factor multiplicativo = 0, senal [1]  

	Factor multiplicativo = 0, senal [2]  

	Factor multiplicativo = 0, senal [3]  

	Factor multiplicativo = 0, senal [4]  

	Factor multiplicativo = 0, senal [5]  

	Factor multiplicativo = 0, senal [6]  

	Factor multiplicativo = 0, senal [7]  

	Factor multiplicativo = 0, senal [6]  

	Factor multiplicativo = 0, senal [6]  

	Factor multiplicativo = 0, senal [6]  

	Factor multiplicativo = 0, senal [0]  

	Factor multiplicativo = 0, senal [1]  

	Factor multiplicativo = 0, senal [2]  

	Factor multiplicativo = 0, senal [0]  

	Factor multiplicativo = 0, senal [1]  

	Factor multiplicativo = 0, senal [2]  

	Factor multiplicativo = 0, senal [0]  

	Factor multiplicativo = 0, senal [1]  

	Factor multiplicativo = 0, senal [2]  

	Factor multiplicativo = 0, senal [0]  

	Factor multiplicativo = 0, senal [1]  

	Factor multiplicativo = 0, senal [2]  

	Factor multiplicativo = 0, senal [0]  

	Factor multiplicativo = 0, senal [1]  

	Factor multiplicativo = 0, senal [2]  

	Factor multiplicativo = 0, senal [0]  

	Factor multiplicativo = 0, senal [1]  

	Factor multiplicativo = 0, senal [2]  

	Proceso AxisLoger Iniciado:Wed Jun 11 20:01:21 2014

	Proceso yunlogger Iniciado:Wed Jun 11 20:05:43 2014

	Proceso yunlogger Iniciado:Wed Jun 11 20:37:03 2014

	Proceso yunlogger Iniciado:Wed Jun 11 20:38:33 2014

	Proceso AxionMain Iniciado:Pid=3510 Mon Jun 16 16:25:35 2014

	AxionMain: Estacion: FrecuenciaEnvioFTP: 0
	Sun Jun 15 12:00:00 2014
 Error en GenerarFichero FTP.
	.//bin/leerlogerbd F > /tmp/20140615.dat